{
  "stats": {
    "suites": 1,
    "tests": 2,
    "passes": 2,
    "pending": 0,
    "failures": 0,
    "start": "2025-04-07T15:23:11.423Z",
    "end": "2025-04-07T15:23:21.193Z",
    "duration": 9770,
    "testsRegistered": 2,
    "passPercent": 100,
    "pendingPercent": 0,
    "other": 0,
    "hasOther": false,
    "skipped": 0,
    "hasSkipped": false
  },
  "results": [
    {
      "uuid": "61c02a18-2b0b-4480-8450-b59f9cafb921",
      "title": "",
      "fullFile": "cypress/e2e/lesson20.cy.js",
      "file": "cypress/e2e/lesson20.cy.js",
      "beforeHooks": [],
      "afterHooks": [],
      "tests": [],
      "suites": [
        {
          "uuid": "2c9b4c82-a7fc-43aa-8f8a-00641ac25e14",
          "title": "My new tests",
          "fullFile": "",
          "file": "",
          "beforeHooks": [],
          "afterHooks": [],
          "tests": [
            {
              "title": "checks adding a new car ",
              "fullTitle": "My new tests checks adding a new car ",
              "timedOut": null,
              "duration": 5492,
              "state": "passed",
              "speed": "medium",
              "pass": true,
              "fail": false,
              "pending": false,
              "context": null,
              "code": "cy.url().should('eq', Cypress.config('baseUrl'));\ncy.login(Cypress.env('defaultUserEmail'), Cypress.env('defaultUserPassword'));\ncy.url().should('eq', Cypress.config('baseUrl') + 'panel/garage');\ngarageForm.checkAndClickAddCarButton();\ngarageForm.selectCarBrand(validCredentials.brand);\ngarageForm.selectCarModel(validCredentials.model);\ngarageForm.inputMileage(validCredentials.mileage);\ngarageForm.checksAndClickAddButton();\nregistrationForm.logOut();",
              "err": {},
              "uuid": "118e14c6-b8d2-4e63-8c40-ac8f9944c6af",
              "parentUUID": "2c9b4c82-a7fc-43aa-8f8a-00641ac25e14",
              "isHook": false,
              "skipped": false
            },
            {
              "title": "checks adding expenses",
              "fullTitle": "My new tests checks adding expenses",
              "timedOut": null,
              "duration": 4193,
              "state": "passed",
              "speed": "fast",
              "pass": true,
              "fail": false,
              "pending": false,
              "context": null,
              "code": "cy.url().should('eq', Cypress.config('baseUrl'));\ncy.login(Cypress.env('defaultUserEmail'), Cypress.env('defaultUserPassword'));\ncy.url().should('eq', Cypress.config('baseUrl') + 'panel/garage');\nexpenseForm.checkAddFuelExpenseButtonAndClick();\nexpenseForm.checkAddFuelExpensePopup();\nexpenseForm.inputNewMileage(validCredentials.newMileage);\nexpenseForm.inputNumberOfLiters(validCredentials.numberOfLiters);\nexpenseForm.inputTotalCost(validCredentials.totalCost);\nexpenseForm.checkAndClickAddExpenseButton();\nexpenseForm.checkFuelExpensesTable();\nexpenseForm.checkCarSelectDropdown();\nexpenseForm.checkExpenseTableData();\ngarageForm.deleteCarInGarage();\nregistrationForm.logOut();",
              "err": {},
              "uuid": "2488b616-8a7c-4080-84bc-6ec995e5b790",
              "parentUUID": "2c9b4c82-a7fc-43aa-8f8a-00641ac25e14",
              "isHook": false,
              "skipped": false
            }
          ],
          "suites": [],
          "passes": [
            "118e14c6-b8d2-4e63-8c40-ac8f9944c6af",
            "2488b616-8a7c-4080-84bc-6ec995e5b790"
          ],
          "failures": [],
          "pending": [],
          "skipped": [],
          "duration": 9685,
          "root": false,
          "rootEmpty": false,
          "_timeout": 2000
        }
      ],
      "passes": [],
      "failures": [],
      "pending": [],
      "skipped": [],
      "duration": 0,
      "root": true,
      "rootEmpty": true,
      "_timeout": 2000
    }
  ],
  "meta": {
    "mocha": {
      "version": "7.0.1"
    },
    "mochawesome": {
      "options": {
        "quiet": false,
        "reportFilename": "mochawesome",
        "saveHtml": false,
        "saveJson": true,
        "consoleReporter": "spec",
        "useInlineDiffs": false,
        "code": true
      },
      "version": "7.1.3"
    },
    "marge": {
      "options": {
        "reportDir": "cypress/results",
        "overwrite": false,
        "html": false,
        "json": true
      },
      "version": "6.2.0"
    }
  }
}